# JRE version: Java(TM) SE Runtime Environment (8.0_161-b12) (build 1.8.0_161-b12)
# Java VM: Java HotSpot(TM) 64-Bit Server VM (25.161-b12 mixed mode windows-amd64 compressed oops)
Heap:
 PSYoungGen      total 205824K, used 176385K [0x000000076b400000, 0x000000077af80000, 0x00000007c0000000)
  eden space 189440K, 92% used [0x000000076b400000,0x0000000775f88598,0x0000000776d00000)
  from space 16384K, 4% used [0x0000000779000000,0x00000007790b8000,0x000000077a000000)
  to   space 15872K, 0% used [0x000000077a000000,0x000000077a000000,0x000000077af80000)
 ParOldGen       total 203264K, used 43456K [0x00000006c1c00000, 0x00000006ce280000, 0x000000076b400000)
  object space 203264K, 21% used [0x00000006c1c00000,0x00000006c4670310,0x00000006ce280000)
 Metaspace       used 57393K, capacity 60780K, committed 60928K, reserved 1101824K
  class space    used 7887K, capacity 8448K, committed 8448K, reserved 1048576K
GC Heap History (10 events):
Event: 3595.539 GC heap before
{Heap before GC invocations=45 (full 4):
 PSYoungGen      total 226304K, used 226042K [0x000000076b400000, 0x000000077d680000, 0x00000007c0000000)
  eden space 217088K, 100% used [0x000000076b400000,0x0000000778800000,0x0000000778800000)
  from space 9216K, 97% used [0x000000077cd80000,0x000000077d63e8e0,0x000000077d680000)
  to   space 15360K, 0% used [0x000000077b880000,0x000000077b880000,0x000000077c780000)
 ParOldGen       total 203264K, used 34672K [0x00000006c1c00000, 0x00000006ce280000, 0x000000076b400000)
  object space 203264K, 17% used [0x00000006c1c00000,0x00000006c3ddc348,0x00000006ce280000)
 Metaspace       used 57390K, capacity 60780K, committed 60928K, reserved 1101824K
  class space    used 7887K, capacity 8448K, committed 8448K, reserved 1048576K
Event: 3595.547 GC heap after
Heap after GC invocations=45 (full 4):
 PSYoungGen      total 211968K, used 816K [0x000000076b400000, 0x000000077ce00000, 0x00000007c0000000)
  eden space 210944K, 0% used [0x000000076b400000,0x000000076b400000,0x0000000778200000)
  from space 1024K, 79% used [0x000000077b880000,0x000000077b94c050,0x000000077b980000)
  to   space 15872K, 0% used [0x000000077be80000,0x000000077be80000,0x000000077ce00000)
 ParOldGen       total 203264K, used 42832K [0x00000006c1c00000, 0x00000006ce280000, 0x000000076b400000)
  object space 203264K, 21% used [0x00000006c1c00000,0x00000006c45d4210,0x00000006ce280000)
 Metaspace       used 57390K, capacity 60780K, committed 60928K, reserved 1101824K
  class space    used 7887K, capacity 8448K, committed 8448K, reserved 1048576K
}
Event: 3668.273 GC heap before
{Heap before GC invocations=46 (full 4):
 PSYoungGen      total 211968K, used 211760K [0x000000076b400000, 0x000000077ce00000, 0x00000007c0000000)
  eden space 210944K, 100% used [0x000000076b400000,0x0000000778200000,0x0000000778200000)
  from space 1024K, 79% used [0x000000077b880000,0x000000077b94c050,0x000000077b980000)
  to   space 15872K, 0% used [0x000000077be80000,0x000000077be80000,0x000000077ce00000)
 ParOldGen       total 203264K, used 42832K [0x00000006c1c00000, 0x00000006ce280000, 0x000000076b400000)
  object space 203264K, 21% used [0x00000006c1c00000,0x00000006c45d4210,0x00000006ce280000)
 Metaspace       used 57390K, capacity 60780K, committed 60928K, reserved 1101824K
  class space    used 7887K, capacity 8448K, committed 8448K, reserved 1048576K
Event: 3668.277 GC heap after
Heap after GC invocations=46 (full 4):
 PSYoungGen      total 206336K, used 656K [0x000000076b400000, 0x000000077bf80000, 0x00000007c0000000)
  eden space 205312K, 0% used [0x000000076b400000,0x000000076b400000,0x0000000777c80000)
  from space 1024K, 64% used [0x000000077be80000,0x000000077bf24030,0x000000077bf80000)
  to   space 16384K, 0% used [0x0000000779f80000,0x0000000779f80000,0x000000077af80000)
 ParOldGen       total 203264K, used 42880K [0x00000006c1c00000, 0x00000006ce280000, 0x000000076b400000)
  object space 203264K, 21% used [0x00000006c1c00000,0x00000006c45e0210,0x00000006ce280000)
 Metaspace       used 57390K, capacity 60780K, committed 60928K, reserved 1101824K
  class space    used 7887K, capacity 8448K, committed 8448K, reserved 1048576K
}
Event: 3740.397 GC heap before
{Heap before GC invocations=47 (full 4):
 PSYoungGen      total 206336K, used 205968K [0x000000076b400000, 0x000000077bf80000, 0x00000007c0000000)
  eden space 205312K, 100% used [0x000000076b400000,0x0000000777c80000,0x0000000777c80000)
  from space 1024K, 64% used [0x000000077be80000,0x000000077bf24030,0x000000077bf80000)
  to   space 16384K, 0% used [0x0000000779f80000,0x0000000779f80000,0x000000077af80000)
 ParOldGen       total 203264K, used 42880K [0x00000006c1c00000, 0x00000006ce280000, 0x000000076b400000)
  object space 203264K, 21% used [0x00000006c1c00000,0x00000006c45e0210,0x00000006ce280000)
 Metaspace       used 57390K, capacity 60780K, committed 60928K, reserved 1101824K
  class space    used 7887K, capacity 8448K, committed 8448K, reserved 1048576K
Event: 3740.399 GC heap after
Heap after GC invocations=47 (full 4):
 PSYoungGen      total 200704K, used 800K [0x000000076b400000, 0x000000077bf00000, 0x00000007c0000000)
  eden space 199680K, 0% used [0x000000076b400000,0x000000076b400000,0x0000000777700000)
  from space 1024K, 78% used [0x0000000779f80000,0x000000077a048000,0x000000077a080000)
  to   space 16384K, 0% used [0x000000077af00000,0x000000077af00000,0x000000077bf00000)
 ParOldGen       total 203264K, used 43368K [0x00000006c1c00000, 0x00000006ce280000, 0x000000076b400000)
  object space 203264K, 21% used [0x00000006c1c00000,0x00000006c465a310,0x00000006ce280000)
 Metaspace       used 57390K, capacity 60780K, committed 60928K, reserved 1101824K
  class space    used 7887K, capacity 8448K, committed 8448K, reserved 1048576K
}
Event: 3808.925 GC heap before
{Heap before GC invocations=48 (full 4):
 PSYoungGen      total 200704K, used 200480K [0x000000076b400000, 0x000000077bf00000, 0x00000007c0000000)
  eden space 199680K, 100% used [0x000000076b400000,0x0000000777700000,0x0000000777700000)
  from space 1024K, 78% used [0x0000000779f80000,0x000000077a048000,0x000000077a080000)
  to   space 16384K, 0% used [0x000000077af00000,0x000000077af00000,0x000000077bf00000)
 ParOldGen       total 203264K, used 43368K [0x00000006c1c00000, 0x00000006ce280000, 0x000000076b400000)
  object space 203264K, 21% used [0x00000006c1c00000,0x00000006c465a310,0x00000006ce280000)
 Metaspace       used 57393K, capacity 60780K, committed 60928K, reserved 1101824K
  class space    used 7887K, capacity 8448K, committed 8448K, reserved 1048576K
Event: 3808.929 GC heap after
Heap after GC invocations=48 (full 4):
 PSYoungGen      total 195584K, used 800K [0x000000076b400000, 0x000000077b000000, 0x00000007c0000000)
  eden space 194560K, 0% used [0x000000076b400000,0x000000076b400000,0x0000000777200000)
  from space 1024K, 78% used [0x000000077af00000,0x000000077afc8000,0x000000077b000000)
  to   space 16384K, 0% used [0x0000000779000000,0x0000000779000000,0x000000077a000000)
 ParOldGen       total 203264K, used 43416K [0x00000006c1c00000, 0x00000006ce280000, 0x000000076b400000)
  object space 203264K, 21% used [0x00000006c1c00000,0x00000006c4666310,0x00000006ce280000)
 Metaspace       used 57393K, capacity 60780K, committed 60928K, reserved 1101824K
  class space    used 7887K, capacity 8448K, committed 8448K, reserved 1048576K
}
Event: 3877.563 GC heap before
{Heap before GC invocations=49 (full 4):
 PSYoungGen      total 195584K, used 195360K [0x000000076b400000, 0x000000077b000000, 0x00000007c0000000)
  eden space 194560K, 100% used [0x000000076b400000,0x0000000777200000,0x0000000777200000)
  from space 1024K, 78% used [0x000000077af00000,0x000000077afc8000,0x000000077b000000)
  to   space 16384K, 0% used [0x0000000779000000,0x0000000779000000,0x000000077a000000)
 ParOldGen       total 203264K, used 43416K [0x00000006c1c00000, 0x00000006ce280000, 0x000000076b400000)
  object space 203264K, 21% used [0x00000006c1c00000,0x00000006c4666310,0x00000006ce280000)
 Metaspace       used 57393K, capacity 60780K, committed 60928K, reserved 1101824K
  class space    used 7887K, capacity 8448K, committed 8448K, reserved 1048576K
Event: 3877.566 GC heap after
Heap after GC invocations=49 (full 4):
 PSYoungGen      total 205824K, used 736K [0x000000076b400000, 0x000000077af80000, 0x00000007c0000000)
  eden space 189440K, 0% used [0x000000076b400000,0x000000076b400000,0x0000000776d00000)
  from space 16384K, 4% used [0x0000000779000000,0x00000007790b8000,0x000000077a000000)
  to   space 15872K, 0% used [0x000000077a000000,0x000000077a000000,0x000000077af80000)
 ParOldGen       total 203264K, used 43456K [0x00000006c1c00000, 0x00000006ce280000, 0x000000076b400000)
  object space 203264K, 21% used [0x00000006c1c00000,0x00000006c4670310,0x00000006ce280000)
 Metaspace       used 57393K, capacity 60780K, committed 60928K, reserved 1101824K
  class space    used 7887K, capacity 8448K, committed 8448K, reserved 1048576K
}

